<?xml version="1.0" encoding="UTF-8"?>
<coverage generated="1605209313364" clover="3.2.0">
  <project timestamp="1605209313364" name="All files">
    <metrics statements="40" coveredstatements="28" conditionals="8" coveredconditionals="4" methods="13" coveredmethods="10" elements="61" coveredelements="42" complexity="0" loc="40" ncloc="40" packages="4" files="4" classes="4"/>
    <package name="Authentication">
      <metrics statements="23" coveredstatements="11" conditionals="6" coveredconditionals="3" methods="5" coveredmethods="2"/>
      <file name="helpers.js" path="/Users/octaviapayne/zorroa/scrounger/react_frontend/src/Authentication/helpers.js">
        <metrics statements="23" coveredstatements="11" conditionals="6" coveredconditionals="3" methods="5" coveredmethods="2"/>
        <line num="3" count="1" type="stmt"/>
        <line num="4" count="0" type="cond" truecount="0" falsecount="2"/>
        <line num="6" count="0" type="stmt"/>
        <line num="8" count="0" type="stmt"/>
        <line num="9" count="0" type="stmt"/>
        <line num="13" count="0" type="stmt"/>
        <line num="16" count="2" type="stmt"/>
        <line num="17" count="2" type="stmt"/>
        <line num="19" count="2" type="stmt"/>
        <line num="21" count="2" type="stmt"/>
        <line num="23" count="2" type="stmt"/>
        <line num="31" count="2" type="cond" truecount="2" falsecount="0"/>
        <line num="32" count="1" type="stmt"/>
        <line num="35" count="1" type="cond" truecount="1" falsecount="1"/>
        <line num="36" count="1" type="stmt"/>
        <line num="39" count="0" type="stmt"/>
        <line num="41" count="0" type="stmt"/>
        <line num="44" count="1" type="stmt"/>
        <line num="45" count="0" type="stmt"/>
        <line num="47" count="0" type="stmt"/>
        <line num="55" count="0" type="stmt"/>
        <line num="57" count="0" type="stmt"/>
        <line num="59" count="0" type="stmt"/>
      </file>
    </package>
    <package name="Button">
      <metrics statements="4" coveredstatements="4" conditionals="0" coveredconditionals="0" methods="1" coveredmethods="1"/>
      <file name="index.js" path="/Users/octaviapayne/zorroa/scrounger/react_frontend/src/Button/index.js">
        <metrics statements="4" coveredstatements="4" conditionals="0" coveredconditionals="0" methods="1" coveredmethods="1"/>
        <line num="3" count="1" type="stmt"/>
        <line num="8" count="1" type="stmt"/>
        <line num="9" count="3" type="stmt"/>
        <line num="21" count="1" type="stmt"/>
      </file>
    </package>
    <package name="Input">
      <metrics statements="3" coveredstatements="3" conditionals="0" coveredconditionals="0" methods="1" coveredmethods="1"/>
      <file name="index.js" path="/Users/octaviapayne/zorroa/scrounger/react_frontend/src/Input/index.js">
        <metrics statements="3" coveredstatements="3" conditionals="0" coveredconditionals="0" methods="1" coveredmethods="1"/>
        <line num="3" count="1" type="stmt"/>
        <line num="4" count="6" type="stmt"/>
        <line num="19" count="1" type="stmt"/>
      </file>
    </package>
    <package name="Login">
      <metrics statements="10" coveredstatements="10" conditionals="2" coveredconditionals="1" methods="6" coveredmethods="6"/>
      <file name="index.js" path="/Users/octaviapayne/zorroa/scrounger/react_frontend/src/Login/index.js">
        <metrics statements="10" coveredstatements="10" conditionals="2" coveredconditionals="1" methods="6" coveredmethods="6"/>
        <line num="8" count="1" type="stmt"/>
        <line num="14" count="2" type="stmt"/>
        <line num="16" count="1" type="stmt"/>
        <line num="17" count="3" type="stmt"/>
        <line num="19" count="3" type="stmt"/>
        <line num="21" count="3" type="stmt"/>
        <line num="27" count="1" type="stmt"/>
        <line num="39" count="1" type="stmt"/>
        <line num="48" count="1" type="stmt"/>
        <line num="56" count="1" type="stmt"/>
      </file>
    </package>
  </project>
</coverage>
