{"/Users/octaviapayne/zorroa/scrounger/react_frontend/src/Authentication/helpers.js": {"path":"/Users/octaviapayne/zorroa/scrounger/react_frontend/src/Authentication/helpers.js","statementMap":{"0":{"start":{"line":3,"column":21},"end":{"line":14,"column":1}},"1":{"start":{"line":4,"column":2},"end":{"line":4,"column":48}},"2":{"start":{"line":4,"column":39},"end":{"line":4,"column":48}},"3":{"start":{"line":6,"column":24},"end":{"line":11,"column":3}},"4":{"start":{"line":8,"column":26},"end":{"line":8,"column":38}},"5":{"start":{"line":9,"column":6},"end":{"line":9,"column":51}},"6":{"start":{"line":13,"column":2},"end":{"line":13,"column":18}},"7":{"start":{"line":16,"column":21},"end":{"line":42,"column":1}},"8":{"start":{"line":16,"column":59},"end":{"line":42,"column":1}},"9":{"start":{"line":17,"column":2},"end":{"line":17,"column":24}},"10":{"start":{"line":19,"column":2},"end":{"line":19,"column":15}},"11":{"start":{"line":21,"column":2},"end":{"line":21,"column":25}},"12":{"start":{"line":23,"column":19},"end":{"line":29,"column":4}},"13":{"start":{"line":31,"column":2},"end":{"line":33,"column":3}},"14":{"start":{"line":32,"column":4},"end":{"line":32,"column":60}},"15":{"start":{"line":35,"column":2},"end":{"line":37,"column":3}},"16":{"start":{"line":36,"column":4},"end":{"line":36,"column":55}},"17":{"start":{"line":39,"column":15},"end":{"line":39,"column":36}},"18":{"start":{"line":41,"column":2},"end":{"line":41,"column":42}},"19":{"start":{"line":44,"column":22},"end":{"line":60,"column":1}},"20":{"start":{"line":45,"column":20},"end":{"line":45,"column":34}},"21":{"start":{"line":47,"column":2},"end":{"line":53,"column":4}},"22":{"start":{"line":55,"column":2},"end":{"line":55,"column":34}},"23":{"start":{"line":57,"column":2},"end":{"line":57,"column":15}},"24":{"start":{"line":59,"column":2},"end":{"line":59,"column":22}}},"fnMap":{"0":{"name":"(anonymous_0)","decl":{"start":{"line":3,"column":21},"end":{"line":3,"column":22}},"loc":{"start":{"line":3,"column":27},"end":{"line":14,"column":1}},"line":3},"1":{"name":"(anonymous_1)","decl":{"start":{"line":7,"column":37},"end":{"line":7,"column":38}},"loc":{"start":{"line":7,"column":44},"end":{"line":10,"column":5}},"line":7},"2":{"name":"(anonymous_2)","decl":{"start":{"line":16,"column":21},"end":{"line":16,"column":22}},"loc":{"start":{"line":16,"column":59},"end":{"line":42,"column":1}},"line":16},"3":{"name":"(anonymous_3)","decl":{"start":{"line":16,"column":59},"end":{"line":16,"column":60}},"loc":{"start":{"line":16,"column":76},"end":{"line":42,"column":1}},"line":16},"4":{"name":"(anonymous_4)","decl":{"start":{"line":44,"column":22},"end":{"line":44,"column":23}},"loc":{"start":{"line":44,"column":34},"end":{"line":60,"column":1}},"line":44}},"branchMap":{"0":{"loc":{"start":{"line":4,"column":2},"end":{"line":4,"column":48}},"type":"if","locations":[{"start":{"line":4,"column":2},"end":{"line":4,"column":48}},{"start":{"line":4,"column":2},"end":{"line":4,"column":48}}],"line":4},"1":{"loc":{"start":{"line":31,"column":2},"end":{"line":33,"column":3}},"type":"if","locations":[{"start":{"line":31,"column":2},"end":{"line":33,"column":3}},{"start":{"line":31,"column":2},"end":{"line":33,"column":3}}],"line":31},"2":{"loc":{"start":{"line":35,"column":2},"end":{"line":37,"column":3}},"type":"if","locations":[{"start":{"line":35,"column":2},"end":{"line":37,"column":3}},{"start":{"line":35,"column":2},"end":{"line":37,"column":3}}],"line":35}},"s":{"0":1,"1":0,"2":0,"3":0,"4":0,"5":0,"6":0,"7":1,"8":2,"9":2,"10":2,"11":2,"12":2,"13":2,"14":1,"15":1,"16":1,"17":0,"18":0,"19":1,"20":0,"21":0,"22":0,"23":0,"24":0},"f":{"0":0,"1":0,"2":2,"3":2,"4":0},"b":{"0":[0,0],"1":[1,1],"2":[1,0]},"_coverageSchema":"1a1c01bbd47fc00a2c39e90264f33305004495a9","hash":"049d8f1c10ee570713be1379e4befe92d0052089"}
,"/Users/octaviapayne/zorroa/scrounger/react_frontend/src/Button/index.js": {"path":"/Users/octaviapayne/zorroa/scrounger/react_frontend/src/Button/index.js","statementMap":{"0":{"start":{"line":3,"column":17},"end":{"line":6,"column":1}},"1":{"start":{"line":8,"column":15},"end":{"line":19,"column":1}},"2":{"start":{"line":9,"column":2},"end":{"line":18,"column":3}},"3":{"start":{"line":21,"column":0},"end":{"line":25,"column":1}}},"fnMap":{"0":{"name":"(anonymous_0)","decl":{"start":{"line":8,"column":15},"end":{"line":8,"column":16}},"loc":{"start":{"line":8,"column":61},"end":{"line":19,"column":1}},"line":8}},"branchMap":{},"s":{"0":1,"1":1,"2":3,"3":1},"f":{"0":3},"b":{},"_coverageSchema":"1a1c01bbd47fc00a2c39e90264f33305004495a9","hash":"ccf33e8964c191a851dd1647db6529d629ca1fb9"}
,"/Users/octaviapayne/zorroa/scrounger/react_frontend/src/Input/index.js": {"path":"/Users/octaviapayne/zorroa/scrounger/react_frontend/src/Input/index.js","statementMap":{"0":{"start":{"line":3,"column":14},"end":{"line":17,"column":1}},"1":{"start":{"line":4,"column":2},"end":{"line":16,"column":3}},"2":{"start":{"line":19,"column":0},"end":{"line":24,"column":1}}},"fnMap":{"0":{"name":"(anonymous_0)","decl":{"start":{"line":3,"column":14},"end":{"line":3,"column":15}},"loc":{"start":{"line":3,"column":52},"end":{"line":17,"column":1}},"line":3}},"branchMap":{},"s":{"0":1,"1":6,"2":1},"f":{"0":6},"b":{},"_coverageSchema":"1a1c01bbd47fc00a2c39e90264f33305004495a9","hash":"6eb0f42beccc8883a2a83310c3bbbdf0ec558a7d"}
,"/Users/octaviapayne/zorroa/scrounger/react_frontend/src/Login/index.js": {"path":"/Users/octaviapayne/zorroa/scrounger/react_frontend/src/Login/index.js","statementMap":{"0":{"start":{"line":8,"column":22},"end":{"line":12,"column":1}},"1":{"start":{"line":14,"column":16},"end":{"line":14,"column":60}},"2":{"start":{"line":14,"column":36},"end":{"line":14,"column":59}},"3":{"start":{"line":16,"column":14},"end":{"line":64,"column":1}},"4":{"start":{"line":17,"column":28},"end":{"line":17,"column":62}},"5":{"start":{"line":19,"column":40},"end":{"line":19,"column":45}},"6":{"start":{"line":21,"column":2},"end":{"line":63,"column":3}},"7":{"start":{"line":27,"column":31},"end":{"line":27,"column":53}},"8":{"start":{"line":39,"column":49},"end":{"line":39,"column":78}},"9":{"start":{"line":48,"column":49},"end":{"line":48,"column":78}},"10":{"start":{"line":56,"column":27},"end":{"line":56,"column":66}}},"fnMap":{"0":{"name":"(anonymous_0)","decl":{"start":{"line":14,"column":16},"end":{"line":14,"column":17}},"loc":{"start":{"line":14,"column":36},"end":{"line":14,"column":59}},"line":14},"1":{"name":"(anonymous_1)","decl":{"start":{"line":16,"column":14},"end":{"line":16,"column":15}},"loc":{"start":{"line":16,"column":20},"end":{"line":64,"column":1}},"line":16},"2":{"name":"(anonymous_2)","decl":{"start":{"line":27,"column":20},"end":{"line":27,"column":21}},"loc":{"start":{"line":27,"column":31},"end":{"line":27,"column":53}},"line":27},"3":{"name":"(anonymous_3)","decl":{"start":{"line":39,"column":22},"end":{"line":39,"column":23}},"loc":{"start":{"line":39,"column":49},"end":{"line":39,"column":78}},"line":39},"4":{"name":"(anonymous_4)","decl":{"start":{"line":48,"column":22},"end":{"line":48,"column":23}},"loc":{"start":{"line":48,"column":49},"end":{"line":48,"column":78}},"line":48},"5":{"name":"(anonymous_5)","decl":{"start":{"line":56,"column":21},"end":{"line":56,"column":22}},"loc":{"start":{"line":56,"column":27},"end":{"line":56,"column":66}},"line":56}},"branchMap":{"0":{"loc":{"start":{"line":29,"column":11},"end":{"line":33,"column":11}},"type":"binary-expr","locations":[{"start":{"line":29,"column":11},"end":{"line":29,"column":18}},{"start":{"line":30,"column":12},"end":{"line":32,"column":18}}],"line":29}},"s":{"0":1,"1":1,"2":2,"3":1,"4":3,"5":3,"6":3,"7":1,"8":1,"9":1,"10":1},"f":{"0":2,"1":3,"2":1,"3":1,"4":1,"5":1},"b":{"0":[3,0]},"_coverageSchema":"1a1c01bbd47fc00a2c39e90264f33305004495a9","hash":"db9ad9c7517db06195194cae950cefaf616eafa1"}
}
