TN:
SF:src/Authentication/helpers.js
FN:3,(anonymous_0)
FN:7,(anonymous_1)
FN:16,(anonymous_2)
FN:16,(anonymous_3)
FN:44,(anonymous_4)
FNF:5
FNH:2
FNDA:0,(anonymous_0)
FNDA:0,(anonymous_1)
FNDA:2,(anonymous_2)
FNDA:2,(anonymous_3)
FNDA:0,(anonymous_4)
DA:3,1
DA:4,0
DA:6,0
DA:8,0
DA:9,0
DA:13,0
DA:16,2
DA:17,2
DA:19,2
DA:21,2
DA:23,2
DA:31,2
DA:32,1
DA:35,1
DA:36,1
DA:39,0
DA:41,0
DA:44,1
DA:45,0
DA:47,0
DA:55,0
DA:57,0
DA:59,0
LF:23
LH:11
BRDA:4,0,0,0
BRDA:4,0,1,0
BRDA:31,1,0,1
BRDA:31,1,1,1
BRDA:35,2,0,1
BRDA:35,2,1,0
BRF:6
BRH:3
end_of_record
TN:
SF:src/Button/index.js
FN:8,(anonymous_0)
FNF:1
FNH:1
FNDA:3,(anonymous_0)
DA:3,1
DA:8,1
DA:9,3
DA:21,1
LF:4
LH:4
BRF:0
BRH:0
end_of_record
TN:
SF:src/Input/index.js
FN:3,(anonymous_0)
FNF:1
FNH:1
FNDA:6,(anonymous_0)
DA:3,1
DA:4,6
DA:19,1
LF:3
LH:3
BRF:0
BRH:0
end_of_record
TN:
SF:src/Login/index.js
FN:14,(anonymous_0)
FN:16,(anonymous_1)
FN:27,(anonymous_2)
FN:39,(anonymous_3)
FN:48,(anonymous_4)
FN:56,(anonymous_5)
FNF:6
FNH:6
FNDA:2,(anonymous_0)
FNDA:3,(anonymous_1)
FNDA:1,(anonymous_2)
FNDA:1,(anonymous_3)
FNDA:1,(anonymous_4)
FNDA:1,(anonymous_5)
DA:8,1
DA:14,2
DA:16,1
DA:17,3
DA:19,3
DA:21,3
DA:27,1
DA:39,1
DA:48,1
DA:56,1
LF:10
LH:10
BRDA:29,0,0,3
BRDA:29,0,1,0
BRF:2
BRH:1
end_of_record
